<?xml version="1.0" encoding="UTF-8"?>
<testng-results ignored="0" total="2" passed="2" failed="0" skipped="0">
  <reporter-output>
  </reporter-output>
  <suite started-at="2023-10-22T11:13:26 IST" name="Suite" finished-at="2023-10-22T11:13:45 IST" duration-ms="18935">
    <groups>
      <group name="Master">
        <method signature="AccountRegistrationTest.AccountRegistration()[pri:0, instance:testCases.AccountRegistrationTest@7714e963]" name="AccountRegistration" class="testCases.AccountRegistrationTest"/>
        <method signature="LoginTest.Login(java.lang.String,java.lang.String)[pri:0, instance:testCases.LoginTest@1afd44cb]" name="Login" class="testCases.LoginTest"/>
      </group> <!-- Master -->
      <group name="Sanity">
        <method signature="LoginTest.Login(java.lang.String,java.lang.String)[pri:0, instance:testCases.LoginTest@1afd44cb]" name="Login" class="testCases.LoginTest"/>
      </group> <!-- Sanity -->
      <group name="Regression">
        <method signature="AccountRegistrationTest.AccountRegistration()[pri:0, instance:testCases.AccountRegistrationTest@7714e963]" name="AccountRegistration" class="testCases.AccountRegistrationTest"/>
      </group> <!-- Regression -->
    </groups>
    <test started-at="2023-10-22T11:13:26 IST" name="Test" finished-at="2023-10-22T11:13:45 IST" duration-ms="18935">
      <class name="testCases.LoginTest">
        <test-method is-config="true" signature="setup(java.lang.String)[pri:0, instance:testCases.LoginTest@1afd44cb]" started-at="2023-10-22T11:13:35 IST" name="setup" finished-at="2023-10-22T11:13:43 IST" duration-ms="7926" status="PASS">
          <params>
            <param index="0">
              <value>
                <![CDATA[chrome]]>
              </value>
            </param>
          </params>
          <reporter-output>
          </reporter-output>
        </test-method> <!-- setup -->
        <test-method signature="Login(java.lang.String,java.lang.String)[pri:0, instance:testCases.LoginTest@1afd44cb]" started-at="2023-10-22T11:13:44 IST" name="Login" data-provider="LoginCredentials" finished-at="2023-10-22T11:13:45 IST" duration-ms="884" status="PASS">
          <params>
            <param index="0">
              <value>
                <![CDATA[testuser_96@gmail.com]]>
              </value>
            </param>
            <param index="1">
              <value>
                <![CDATA[TestUser@96]]>
              </value>
            </param>
          </params>
          <reporter-output>
          </reporter-output>
        </test-method> <!-- Login -->
        <test-method is-config="true" signature="tearDown()[pri:0, instance:testCases.LoginTest@1afd44cb]" started-at="2023-10-22T11:13:45 IST" name="tearDown" finished-at="2023-10-22T11:13:45 IST" duration-ms="165" status="PASS">
          <reporter-output>
          </reporter-output>
        </test-method> <!-- tearDown -->
      </class> <!-- testCases.LoginTest -->
      <class name="testCases.AccountRegistrationTest">
        <test-method is-config="true" signature="setup(java.lang.String)[pri:0, instance:testCases.AccountRegistrationTest@7714e963]" started-at="2023-10-22T11:13:26 IST" name="setup" finished-at="2023-10-22T11:13:32 IST" duration-ms="5159" status="PASS">
          <params>
            <param index="0">
              <value>
                <![CDATA[chrome]]>
              </value>
            </param>
          </params>
          <reporter-output>
          </reporter-output>
        </test-method> <!-- setup -->
        <test-method signature="AccountRegistration()[pri:0, instance:testCases.AccountRegistrationTest@7714e963]" started-at="2023-10-22T11:13:32 IST" name="AccountRegistration" finished-at="2023-10-22T11:13:35 IST" duration-ms="3416" status="PASS">
          <reporter-output>
          </reporter-output>
        </test-method> <!-- AccountRegistration -->
        <test-method is-config="true" signature="tearDown()[pri:0, instance:testCases.AccountRegistrationTest@7714e963]" started-at="2023-10-22T11:13:35 IST" name="tearDown" finished-at="2023-10-22T11:13:35 IST" duration-ms="205" status="PASS">
          <reporter-output>
          </reporter-output>
        </test-method> <!-- tearDown -->
      </class> <!-- testCases.AccountRegistrationTest -->
    </test> <!-- Test -->
  </suite> <!-- Suite -->
</testng-results>
