<?xml version="1.0" encoding="UTF-8"?>
<testng-results ignored="0" total="1" passed="1" failed="0" skipped="0">
  <reporter-output>
  </reporter-output>
  <suite started-at="2023-10-22T10:17:30 IST" name="Failed suite [Suite]" finished-at="2023-10-22T10:17:35 IST" duration-ms="4486">
    <groups>
      <group name="Master">
        <method signature="LoginTest.Login(java.lang.String,java.lang.String)[pri:0, instance:testCases.LoginTest@294425a7]" name="Login" class="testCases.LoginTest"/>
      </group> <!-- Master -->
      <group name="Sanity">
        <method signature="LoginTest.Login(java.lang.String,java.lang.String)[pri:0, instance:testCases.LoginTest@294425a7]" name="Login" class="testCases.LoginTest"/>
      </group> <!-- Sanity -->
    </groups>
    <test started-at="2023-10-22T10:17:30 IST" name="Test(failed)" finished-at="2023-10-22T10:17:35 IST" duration-ms="4486">
      <class name="testCases.LoginTest">
        <test-method is-config="true" signature="setup(java.lang.String)[pri:0, instance:testCases.LoginTest@294425a7]" started-at="2023-10-22T10:17:30 IST" name="setup" finished-at="2023-10-22T10:17:33 IST" duration-ms="2811" status="PASS">
          <params>
            <param index="0">
              <value>
                <![CDATA[chrome]]>
              </value>
            </param>
          </params>
          <reporter-output>
          </reporter-output>
        </test-method> <!-- setup -->
        <test-method signature="Login(java.lang.String,java.lang.String)[pri:0, instance:testCases.LoginTest@294425a7]" started-at="2023-10-22T10:17:34 IST" name="Login" data-provider="LoginCredentials" finished-at="2023-10-22T10:17:35 IST" duration-ms="704" status="PASS">
          <params>
            <param index="0">
              <value>
                <![CDATA[testuser_96@gmail.com]]>
              </value>
            </param>
            <param index="1">
              <value>
                <![CDATA[TestUser@96]]>
              </value>
            </param>
          </params>
          <reporter-output>
          </reporter-output>
        </test-method> <!-- Login -->
        <test-method is-config="true" signature="tearDown()[pri:0, instance:testCases.LoginTest@294425a7]" started-at="2023-10-22T10:17:35 IST" name="tearDown" finished-at="2023-10-22T10:17:35 IST" duration-ms="135" status="PASS">
          <reporter-output>
          </reporter-output>
        </test-method> <!-- tearDown -->
      </class> <!-- testCases.LoginTest -->
    </test> <!-- Test(failed) -->
  </suite> <!-- Failed suite [Suite] -->
</testng-results>
